Traceback (most recent call last):
  File "<frozen runpy>", line 198, in _run_module_as_main
  File "<frozen runpy>", line 88, in _run_code
  File "/root/project/venv/lib/python3.12/site-packages/uvicorn/__main__.py", line 4, in <module>
    uvicorn.main()
  File "/root/project/venv/lib/python3.12/site-packages/click/core.py", line 1485, in __call__
    return self.main(*args, **kwargs)
           ^^^^^^^^^^^^^^^^^^^^^^^^^^
  File "/root/project/venv/lib/python3.12/site-packages/click/core.py", line 1406, in main
    rv = self.invoke(ctx)
         ^^^^^^^^^^^^^^^^
  File "/root/project/venv/lib/python3.12/site-packages/click/core.py", line 1269, in invoke
    return ctx.invoke(self.callback, **ctx.params)
           ^^^^^^^^^^^^^^^^^^^^^^^^^^^^^^^^^^^^^^^
  File "/root/project/venv/lib/python3.12/site-packages/click/core.py", line 824, in invoke
    return callback(*args, **kwargs)
           ^^^^^^^^^^^^^^^^^^^^^^^^^
  File "/root/project/venv/lib/python3.12/site-packages/uvicorn/main.py", line 418, in main
    run(
  File "/root/project/venv/lib/python3.12/site-packages/uvicorn/main.py", line 587, in run
    server.run()
  File "/root/project/venv/lib/python3.12/site-packages/uvicorn/server.py", line 62, in run
    return asyncio.run(self.serve(sockets=sockets))
           ^^^^^^^^^^^^^^^^^^^^^^^^^^^^^^^^^^^^^^^^
  File "/usr/lib/python3.12/asyncio/runners.py", line 194, in run
    return runner.run(main)
           ^^^^^^^^^^^^^^^^
  File "/usr/lib/python3.12/asyncio/runners.py", line 118, in run
    return self._loop.run_until_complete(task)
           ^^^^^^^^^^^^^^^^^^^^^^^^^^^^^^^^^^^
  File "uvloop/loop.pyx", line 1518, in uvloop.loop.Loop.run_until_complete
  File "/root/project/venv/lib/python3.12/site-packages/uvicorn/server.py", line 69, in serve
    config.load()
  File "/root/project/venv/lib/python3.12/site-packages/uvicorn/config.py", line 458, in load
    self.loaded_app = import_from_string(self.app)
                      ^^^^^^^^^^^^^^^^^^^^^^^^^^^^
  File "/root/project/venv/lib/python3.12/site-packages/uvicorn/importer.py", line 21, in import_from_string
    module = importlib.import_module(module_str)
             ^^^^^^^^^^^^^^^^^^^^^^^^^^^^^^^^^^^
  File "/usr/lib/python3.12/importlib/__init__.py", line 90, in import_module
    return _bootstrap._gcd_import(name[level:], package, level)
           ^^^^^^^^^^^^^^^^^^^^^^^^^^^^^^^^^^^^^^^^^^^^^^^^^^^^
  File "<frozen importlib._bootstrap>", line 1387, in _gcd_import
  File "<frozen importlib._bootstrap>", line 1360, in _find_and_load
  File "<frozen importlib._bootstrap>", line 1331, in _find_and_load_unlocked
  File "<frozen importlib._bootstrap>", line 935, in _load_unlocked
  File "<frozen importlib._bootstrap_external>", line 995, in exec_module
  File "<frozen importlib._bootstrap>", line 488, in _call_with_frames_removed
  File "/root/project/app/main.py", line 7, in <module>
    from app.config import settings
  File "/root/project/app/config.py", line 60, in <module>
    settings = Settings()
               ^^^^^^^^^^
  File "/root/project/venv/lib/python3.12/site-packages/pydantic_settings/main.py", line 71, in __init__
    super().__init__(
  File "/root/project/venv/lib/python3.12/site-packages/pydantic/main.py", line 164, in __init__
    __pydantic_self__.__pydantic_validator__.validate_python(data, self_instance=__pydantic_self__)
pydantic_core._pydantic_core.ValidationError: 4 validation errors for Settings
VNP_TMN_CODE
  Field required [type=missing, input_value={'DATABASE_URL': 'postgre...'8000', 'DEBUG': 'True'}, input_type=dict]
    For further information visit https://errors.pydantic.dev/2.5/v/missing
VNP_HASH_SECRET
  Field required [type=missing, input_value={'DATABASE_URL': 'postgre...'8000', 'DEBUG': 'True'}, input_type=dict]
    For further information visit https://errors.pydantic.dev/2.5/v/missing
VNP_URL
  Field required [type=missing, input_value={'DATABASE_URL': 'postgre...'8000', 'DEBUG': 'True'}, input_type=dict]
    For further information visit https://errors.pydantic.dev/2.5/v/missing
VNP_RETURN_URL
  Field required [type=missing, input_value={'DATABASE_URL': 'postgre...'8000', 'DEBUG': 'True'}, input_type=dict]
    For further information visit https://errors.pydantic.dev/2.5/v/missing
INFO:     Started server process [1534152]
INFO:     Waiting for application startup.
2026-03-04 23:01:13,551 - app.main - INFO - 🚀 Starting DNGO API Server...
2026-03-04 23:01:13,551 - app.main - INFO - 🔐 CORS Origins: ['*']
INFO:     Application startup complete.
ERROR:    [Errno 98] error while attempting to bind on address ('0.0.0.0', 8000): address already in use
INFO:     Waiting for application shutdown.
2026-03-04 23:01:13,556 - app.main - INFO - 👋 Shutting down DNGO API Server...
INFO:     Application shutdown complete.
INFO:     Started server process [1534209]
INFO:     Waiting for application startup.
2026-03-04 23:01:57,456 - app.main - INFO - 🚀 Starting DNGO API Server...
2026-03-04 23:01:57,456 - app.main - INFO - 🔐 CORS Origins: ['*']
INFO:     Application startup complete.
ERROR:    [Errno 98] error while attempting to bind on address ('0.0.0.0', 8000): address already in use
INFO:     Waiting for application shutdown.
2026-03-04 23:01:57,460 - app.main - INFO - 👋 Shutting down DNGO API Server...
INFO:     Application shutdown complete.
INFO:     Started server process [1534281]
INFO:     Waiting for application startup.
2026-03-04 23:02:42,473 - app.main - INFO - 🚀 Starting DNGO API Server...
2026-03-04 23:02:42,473 - app.main - INFO - 🔐 CORS Origins: ['*']
INFO:     Application startup complete.
ERROR:    [Errno 98] error while attempting to bind on address ('0.0.0.0', 8000): address already in use
INFO:     Waiting for application shutdown.
2026-03-04 23:02:42,476 - app.main - INFO - 👋 Shutting down DNGO API Server...
INFO:     Application shutdown complete.
INFO:     Started server process [1534359]
INFO:     Waiting for application startup.
2026-03-04 23:03:44,627 - app.main - INFO - 🚀 Starting DNGO API Server...
2026-03-04 23:03:44,627 - app.main - INFO - 🔐 CORS Origins: ['*']
INFO:     Application startup complete.
ERROR:    [Errno 98] error while attempting to bind on address ('0.0.0.0', 8000): address already in use
INFO:     Waiting for application shutdown.
2026-03-04 23:03:44,632 - app.main - INFO - 👋 Shutting down DNGO API Server...
INFO:     Application shutdown complete.
INFO:     Started server process [1534428]
INFO:     Waiting for application startup.
2026-03-04 23:04:31,082 - app.main - INFO - 🚀 Starting DNGO API Server...
2026-03-04 23:04:31,082 - app.main - INFO - 🔐 CORS Origins: ['*']
INFO:     Application startup complete.
ERROR:    [Errno 98] error while attempting to bind on address ('0.0.0.0', 8000): address already in use
INFO:     Waiting for application shutdown.
2026-03-04 23:04:31,086 - app.main - INFO - 👋 Shutting down DNGO API Server...
INFO:     Application shutdown complete.
